-------- Plugin Loading Log ------------

Loading from root path: C:\Program Files\Adobe\Adobe After Effects CC 2014\Support Files\(Media Core plug-ins)\en_US\
Scanning for the following file types: *.prmp, *.prm, *.dll, *.aex, *.8bf

Scanning C:\Program Files\Adobe\Adobe After Effects CC 2014\Support Files\(Media Core plug-ins)\en_US and sub-directories

Loading from root path: C:\Program Files\Adobe\Adobe After Effects CC 2014\Support Files\(Media Core plug-ins)\Common\
Scanning for the following file types: *.prmp, *.prm, *.dll, *.aex, *.8bf

Scanning C:\Program Files\Adobe\Adobe After Effects CC 2014\Support Files\(Media Core plug-ins)\Common and sub-directories

Loading C:\Program Files\Adobe\Adobe After Effects CC 2014\Support Files\(Media Core plug-ins)\Common\DvFileWriter.prm
The registry tells us to cache so the plugin will be loaded from the cache.
Loading from the registry...
The plugin was successfully loaded from the registry.

Loading C:\Program Files\Adobe\Adobe After Effects CC 2014\Support Files\(Media Core plug-ins)\Common\DxMultiGraphBridge.prm
The registry tells us to cache so the plugin will be loaded from the cache.
Loading from the registry...
The plugin was successfully loaded from the registry.

Loading C:\Program Files\Adobe\Adobe After Effects CC 2014\Support Files\(Media Core plug-ins)\Common\ExporterAIFF.prm
The registry tells us to cache so the plugin will be loaded from the cache.
Loading from the registry...
The plugin was successfully loaded from the registry.

Loading C:\Program Files\Adobe\Adobe After Effects CC 2014\Support Files\(Media Core plug-ins)\Common\ExporterAVI.prm
The registry tells us not to cache so the plugin will be loaded from disk.
Loading from disk...
This plugin was recognized by loader d3092dcf-904a-4a97-b4ca-66aed7540d57.

Loading C:\Program Files\Adobe\Adobe After Effects CC 2014\Support Files\(Media Core plug-ins)\Common\ExporterMP3.prm
The registry tells us to cache so the plugin will be loaded from the cache.
Loading from the registry...
The plugin was successfully loaded from the registry.

Loading C:\Program Files\Adobe\Adobe After Effects CC 2014\Support Files\(Media Core plug-ins)\Common\ExporterQuickTimeHost.prm
The registry tells us not to cache so the plugin will be loaded from disk.
Loading from disk...
This plugin was recognized by loader d3092dcf-904a-4a97-b4ca-66aed7540d57.

Loading C:\Program Files\Adobe\Adobe After Effects CC 2014\Support Files\(Media Core plug-ins)\Common\ExporterWave.prm
The registry tells us to cache so the plugin will be loaded from the cache.
Loading from the registry...
The plugin was successfully loaded from the registry.

Loading C:\Program Files\Adobe\Adobe After Effects CC 2014\Support Files\(Media Core plug-ins)\Common\ExporterXDCAMHD.prm
The registry tells us to cache so the plugin will be loaded from the cache.
Loading from the registry...
The plugin was successfully loaded from the registry.
The plugin was successfully loaded from the registry.

Loading C:\Program Files\Adobe\Adobe After Effects CC 2014\Support Files\(Media Core plug-ins)\Common\ImporterAiff.prm
The registry tells us to cache so the plugin will be loaded from the cache.
Loading from the registry...
The plugin was successfully loaded from the registry.

Loading C:\Program Files\Adobe\Adobe After Effects CC 2014\Support Files\(Media Core plug-ins)\Common\ImporterARRIRAW.prm
The registry tells us to cache so the plugin will be loaded from the cache.
Loading from the registry...
The plugin was successfully loaded from the registry.

Loading C:\Program Files\Adobe\Adobe After Effects CC 2014\Support Files\(Media Core plug-ins)\Common\ImporterASND.prm
The registry tells us to cache so the plugin will be loaded from the cache.
Loading from the registry...
The plugin was successfully loaded from the registry.

Loading C:\Program Files\Adobe\Adobe After Effects CC 2014\Support Files\(Media Core plug-ins)\Common\ImporterAVI.prm
The registry tells us not to cache so the plugin will be loaded from disk.
Loading from disk...
This plugin was recognized by loader ba1058cd-0007-44e4-bf1a-0ef51307b979.

Loading C:\Program Files\Adobe\Adobe After Effects CC 2014\Support Files\(Media Core plug-ins)\Common\ImporterDirectShow.prm
The registry tells us to cache so the plugin will be loaded from the cache.
Loading from the registry...
The plugin was successfully loaded from the registry.

Loading C:\Program Files\Adobe\Adobe After Effects CC 2014\Support Files\(Media Core plug-ins)\Common\ImporterDPX.prm
The registry tells us to cache so the plugin will be loaded from the cache.
Loading from the registry...
The plugin was successfully loaded from the registry.

Loading C:\Program Files\Adobe\Adobe After Effects CC 2014\Support Files\(Media Core plug-ins)\Common\ImporterF65.prm
The registry tells us to cache so the plugin will be loaded from the cache.
Loading from the registry...
The plugin was successfully loaded from the registry.

Loading C:\Program Files\Adobe\Adobe After Effects CC 2014\Support Files\(Media Core plug-ins)\Common\ImporterFastMPEG.prm
The registry tells us to cache so the plugin will be loaded from the cache.
Loading from the registry...
The plugin was successfully loaded from the registry.

Loading C:\Program Files\Adobe\Adobe After Effects CC 2014\Support Files\(Media Core plug-ins)\Common\ImporterFlash.prm
The registry tells us to cache so the plugin will be loaded from the cache.
Loading from the registry...
The plugin was successfully loaded from the registry.

Loading C:\Program Files\Adobe\Adobe After Effects CC 2014\Support Files\(Media Core plug-ins)\Common\ImporterFLV.prm
The registry tells us to cache so the plugin will be loaded from the cache.
Loading from the registry...
The plugin was successfully loaded from the registry.

Loading C:\Program Files\Adobe\Adobe After Effects CC 2014\Support Files\(Media Core plug-ins)\Common\ImporterIllustratorAE.prm
The registry tells us not to cache so the plugin will be loaded from disk.
Loading from disk...
This plugin was recognized by loader ba1058cd-0007-44e4-bf1a-0ef51307b979.

Loading C:\Program Files\Adobe\Adobe After Effects CC 2014\Support Files\(Media Core plug-ins)\Common\ImporterJPEG.prm
The registry tells us to cache so the plugin will be loaded from the cache.
Loading from the registry...
The plugin was successfully loaded from the registry.

Loading C:\Program Files\Adobe\Adobe After Effects CC 2014\Support Files\(Media Core plug-ins)\Common\ImporterMP3.prm
The registry tells us to cache so the plugin will be loaded from the cache.
Loading from the registry...
The plugin was successfully loaded from the registry.

Loading C:\Program Files\Adobe\Adobe After Effects CC 2014\Support Files\(Media Core plug-ins)\Common\ImporterMPEG.prm
The registry tells us to cache so the plugin will be loaded from the cache.
Loading from the registry...
The plugin was successfully loaded from the registry.

Loading C:\Program Files\Adobe\Adobe After Effects CC 2014\Support Files\(Media Core plug-ins)\Common\ImporterMXF.prm
The registry tells us to cache so the plugin will be loaded from the cache.
Loading from the registry...
The plugin was successfully loaded from the registry.

Loading C:\Program Files\Adobe\Adobe After Effects CC 2014\Support Files\(Media Core plug-ins)\Common\ImporterPhotoshopAE.prm
The registry tells us not to cache so the plugin will be loaded from disk.
Loading from disk...
This plugin was recognized by loader ba1058cd-0007-44e4-bf1a-0ef51307b979.

Loading C:\Program Files\Adobe\Adobe After Effects CC 2014\Support Files\(Media Core plug-ins)\Common\ImporterPNG.prm
The registry tells us to cache so the plugin will be loaded from the cache.
Loading from the registry...
The plugin was successfully loaded from the registry.

Loading C:\Program Files\Adobe\Adobe After Effects CC 2014\Support Files\(Media Core plug-ins)\Common\ImporterQuickTime.prm
The registry tells us not to cache so the plugin will be loaded from disk.
Loading from disk...
This plugin was recognized by loader ba1058cd-0007-44e4-bf1a-0ef51307b979.

Loading C:\Program Files\Adobe\Adobe After Effects CC 2014\Support Files\(Media Core plug-ins)\Common\ImporterRED.prm
The registry tells us to cache so the plugin will be loaded from the cache.
Loading from the registry...
The plugin was successfully loaded from the registry.

Loading C:\Program Files\Adobe\Adobe After Effects CC 2014\Support Files\(Media Core plug-ins)\Common\ImporterTarga.prm
The registry tells us to cache so the plugin will be loaded from the cache.
Loading from the registry...
The plugin was successfully loaded from the registry.

Loading C:\Program Files\Adobe\Adobe After Effects CC 2014\Support Files\(Media Core plug-ins)\Common\ImporterTiff.prm
The registry tells us to cache so the plugin will be loaded from the cache.
Loading from the registry...
The plugin was successfully loaded from the registry.

Loading C:\Program Files\Adobe\Adobe After Effects CC 2014\Support Files\(Media Core plug-ins)\Common\ImporterWave.prm
The registry tells us to cache so the plugin will be loaded from the cache.
Loading from the registry...
The plugin was successfully loaded from the registry.

Loading C:\Program Files\Adobe\Adobe After Effects CC 2014\Support Files\(Media Core plug-ins)\Common\ImporterWindowsMedia.prm
The registry tells us not to cache so the plugin will be loaded from disk.
Loading from disk...
This plugin was recognized by loader ba1058cd-0007-44e4-bf1a-0ef51307b979.

Loading C:\Program Files\Adobe\Adobe After Effects CC 2014\Support Files\(Media Core plug-ins)\Common\ImporterXDCAMEX.prm
The registry tells us to cache so the plugin will be loaded from the cache.
Loading from the registry...
The plugin was successfully loaded from the registry.

Loading C:\Program Files\Adobe\Adobe After Effects CC 2014\Support Files\(Media Core plug-ins)\Common\TransmitDesktopAudio.prm
The registry tells us to cache so the plugin will be loaded from the cache.
Loading from the registry...
The plugin was successfully loaded from the registry.

Loading C:\Program Files\Adobe\Adobe After Effects CC 2014\Support Files\(Media Core plug-ins)\Common\TransmitDV.prm
The registry tells us to cache so the plugin will be loaded from the cache.
Loading from the registry...
The plugin was successfully loaded from the registry.

Loading C:\Program Files\Adobe\Adobe After Effects CC 2014\Support Files\(Media Core plug-ins)\Common\TransmitFullScreen.prm
The registry tells us to cache so the plugin will be loaded from the cache.
Loading from the registry...
The plugin was successfully loaded from the registry.

Loading C:\Program Files\Adobe\Adobe After Effects CC 2014\Support Files\(Media Core plug-ins)\Common\AsioWdm.dll
The registry tells us to cache so the plugin will be loaded from the cache.
The plugin is marked as Ignore, so it will not be loaded.

Loading C:\Program Files\Adobe\Adobe After Effects CC 2014\Support Files\(Media Core plug-ins)\Common\DVControl.dll
The registry tells us to cache so the plugin will be loaded from the cache.
Loading from the registry...
The plugin was successfully loaded from the registry.

Loading C:\Program Files\Adobe\Adobe After Effects CC 2014\Support Files\(Media Core plug-ins)\Common\DXAVSource.dll
The registry tells us to cache so the plugin will be loaded from the cache.
Loading from the registry...
The plugin was successfully loaded from the registry.

Loading C:\Program Files\Adobe\Adobe After Effects CC 2014\Support Files\(Media Core plug-ins)\Common\DXCaptureSource.dll
The registry tells us to cache so the plugin will be loaded from the cache.
Loading from the registry...
The plugin was successfully loaded from the registry.

Loading C:\Program Files\Adobe\Adobe After Effects CC 2014\Support Files\(Media Core plug-ins)\Common\DXSampleInterceptor.dll
The registry tells us to cache so the plugin will be loaded from the cache.
Loading from the registry...
The plugin was successfully loaded from the registry.

Loading C:\Program Files\Adobe\Adobe After Effects CC 2014\Support Files\(Media Core plug-ins)\Common\libmmd.dll
The registry tells us to cache so the plugin will be loaded from the cache.
The plugin is marked as Ignore, so it will not be loaded.

Loading C:\Program Files\Adobe\Adobe After Effects CC 2014\Support Files\(Media Core plug-ins)\Common\SMDK-VC110-x64-4_2_0.dll
The registry tells us to cache so the plugin will be loaded from the cache.
The plugin is marked as Ignore, so it will not be loaded.

Loading C:\Program Files\Adobe\Adobe After Effects CC 2014\Support Files\(Media Core plug-ins)\Common\svml_dispmd.dll
The registry tells us to cache so the plugin will be loaded from the cache.
The plugin is marked as Ignore, so it will not be loaded.

Loading C:\Program Files\Adobe\Adobe After Effects CC 2014\Support Files\(Media Core plug-ins)\Common\xerces-c_3_0.dll
The registry tells us to cache so the plugin will be loaded from the cache.
The plugin is marked as Ignore, so it will not be loaded.

Loading from root path: C:\Program Files\Adobe\Common\Plug-ins\7.0\MediaCore
Scanning for the following file types: *.prmp, *.prm, *.dll, *.aex, *.8bf

Scanning C:\Program Files\Adobe\Common\Plug-ins\7.0\MediaCore and sub-directories

